  [1m[36m (120.7ms)[0m  [1mCREATE TABLE "schema_migrations" ("version" varchar NOT NULL) [0m
  [1m[35m (0.2ms)[0m  select sqlite_version(*)
  [1m[36m (131.9ms)[0m  [1mCREATE UNIQUE INDEX "unique_schema_migrations" ON "schema_migrations" ("version")[0m
  [1m[35mActiveRecord::SchemaMigration Load (0.2ms)[0m  SELECT "schema_migrations".* FROM "schema_migrations"
Migrating to CreateDoctors (20151029161848)
  [1m[36m (0.1ms)[0m  [1mbegin transaction[0m
  [1m[35m (0.5ms)[0m  CREATE TABLE "doctors" ("id" INTEGER PRIMARY KEY AUTOINCREMENT NOT NULL, "name" varchar, "email" varchar, "created_at" datetime NOT NULL, "updated_at" datetime NOT NULL) 
  [1m[36mSQL (0.3ms)[0m  [1mINSERT INTO "schema_migrations" ("version") VALUES (?)[0m  [["version", "20151029161848"]]
  [1m[35m (131.6ms)[0m  commit transaction
  [1m[36mActiveRecord::SchemaMigration Load (0.2ms)[0m  [1mSELECT "schema_migrations".* FROM "schema_migrations"[0m
  [1m[36mActiveRecord::SchemaMigration Load (0.1ms)[0m  [1mSELECT "schema_migrations".* FROM "schema_migrations"[0m
Migrating to CreatePatients (20151029162020)
  [1m[35m (0.1ms)[0m  begin transaction
  [1m[36m (0.6ms)[0m  [1mCREATE TABLE "patients" ("id" INTEGER PRIMARY KEY AUTOINCREMENT NOT NULL, "doctor_id" integer, "name" varchar, "email" varchar, "content" text, "created_at" datetime NOT NULL, "updated_at" datetime NOT NULL) [0m
  [1m[35mSQL (0.3ms)[0m  INSERT INTO "schema_migrations" ("version") VALUES (?)  [["version", "20151029162020"]]
  [1m[36m (108.5ms)[0m  [1mcommit transaction[0m
  [1m[35mActiveRecord::SchemaMigration Load (0.2ms)[0m  SELECT "schema_migrations".* FROM "schema_migrations"
  [1m[36mActiveRecord::SchemaMigration Load (0.1ms)[0m  [1mSELECT "schema_migrations".* FROM "schema_migrations"[0m
  [1m[35mActiveRecord::SchemaMigration Load (0.1ms)[0m  SELECT "schema_migrations".* FROM "schema_migrations"


Started GET "/doctors" for 127.0.0.1 at 2015-10-29 16:24:01 +0000
  [1m[36mActiveRecord::SchemaMigration Load (0.2ms)[0m  [1mSELECT "schema_migrations".* FROM "schema_migrations"[0m
Processing by DoctorsController#index as HTML
  [1m[35mDoctor Load (0.2ms)[0m  SELECT "doctors".* FROM "doctors"
  Rendered doctors/index.html.erb within layouts/application (4.6ms)
Completed 200 OK in 1619ms (Views: 1596.5ms | ActiveRecord: 0.4ms)


Started GET "/assets/doctors.self-e3b0c44298fc1c149afbf4c8996fb92427ae41e4649b934ca495991b7852b855.css?body=1" for 127.0.0.1 at 2015-10-29 16:24:03 +0000


Started GET "/assets/patients.self-e3b0c44298fc1c149afbf4c8996fb92427ae41e4649b934ca495991b7852b855.css?body=1" for 127.0.0.1 at 2015-10-29 16:24:03 +0000


Started GET "/assets/jquery_ujs.self-8e98a7a072a6cee1372d19fff9ff3e6aa1e39a37d89d6f06861637d061113ee7.js?body=1" for 127.0.0.1 at 2015-10-29 16:24:03 +0000


Started GET "/assets/jquery.self-d03a5518f45df77341bdbe6201ba3bfa547ebba8ed64f0ea56bfa5f96ea7c074.js?body=1" for 127.0.0.1 at 2015-10-29 16:24:03 +0000


Started GET "/assets/scaffolds.self-604a34219bdd23aa156aa04d0b2bb8e8745211971b7a6978d631cd0eeaa42eb2.css?body=1" for 127.0.0.1 at 2015-10-29 16:24:03 +0000


Started GET "/assets/application.self-e80e8f2318043e8af94dddc2adad5a4f09739a8ebb323b3ab31cd71d45fd9113.css?body=1" for 127.0.0.1 at 2015-10-29 16:24:03 +0000


Started GET "/assets/turbolinks.self-680e388bf7f759d85e2dbe0044d33f55e12b26da721317111c01ec92e53df55e.js?body=1" for 127.0.0.1 at 2015-10-29 16:24:03 +0000


Started GET "/assets/doctors.self-877aef30ae1b040ab8a3aba4e3e309a11d7f2612f44dde450b5c157aa5f95c05.js?body=1" for 127.0.0.1 at 2015-10-29 16:24:03 +0000


Started GET "/assets/patients.self-877aef30ae1b040ab8a3aba4e3e309a11d7f2612f44dde450b5c157aa5f95c05.js?body=1" for 127.0.0.1 at 2015-10-29 16:24:03 +0000


Started GET "/assets/application.self-3b8dabdc891efe46b9a144b400ad69e37d7e5876bdc39dee783419a69d7ca819.js?body=1" for 127.0.0.1 at 2015-10-29 16:24:03 +0000


Started GET "/" for 127.0.0.1 at 2015-10-29 16:24:06 +0000
Processing by DoctorsController#index as HTML
  [1m[36mDoctor Load (0.4ms)[0m  [1mSELECT "doctors".* FROM "doctors"[0m
  Rendered doctors/index.html.erb within layouts/application (1.7ms)
Completed 200 OK in 128ms (Views: 126.8ms | ActiveRecord: 0.4ms)


Started GET "/doctors/new" for 127.0.0.1 at 2015-10-29 16:24:07 +0000
Processing by DoctorsController#new as HTML
  Rendered doctors/_form.html.erb (35.8ms)
  Rendered doctors/new.html.erb within layouts/application (44.8ms)
Completed 200 OK in 169ms (Views: 158.2ms | ActiveRecord: 0.5ms)


Started POST "/doctors" for 127.0.0.1 at 2015-10-29 16:24:23 +0000
Processing by DoctorsController#create as HTML
  Parameters: {"utf8"=>"✓", "authenticity_token"=>"AmrJXQ8j5WaCI95qDwgXh7ZZzm8dKyHN+YFLHrMrI2c91PNrs5EE354324bMyChvbRsNwRAknlK+9hlBhP4T6Q==", "doctor"=>{"name"=>"Phil Maguire", "email"=>"phillyM@gmail.com"}, "commit"=>"Create Doctor"}
  [1m[35m (0.2ms)[0m  begin transaction
  [1m[36mSQL (0.5ms)[0m  [1mINSERT INTO "doctors" ("name", "email", "created_at", "updated_at") VALUES (?, ?, ?, ?)[0m  [["name", "Phil Maguire"], ["email", "phillyM@gmail.com"], ["created_at", "2015-10-29 16:24:23.119210"], ["updated_at", "2015-10-29 16:24:23.119210"]]
  [1m[35m (252.3ms)[0m  commit transaction
Redirected to http://localhost:3000/doctors/1
Completed 302 Found in 264ms (ActiveRecord: 252.9ms)


Started GET "/doctors/1" for 127.0.0.1 at 2015-10-29 16:24:23 +0000
Processing by DoctorsController#show as HTML
  Parameters: {"id"=>"1"}
  [1m[36mDoctor Load (0.4ms)[0m  [1mSELECT  "doctors".* FROM "doctors" WHERE "doctors"."id" = ? LIMIT 1[0m  [["id", 1]]
  Rendered doctors/show.html.erb within layouts/application (1.9ms)
Completed 200 OK in 89ms (Views: 76.4ms | ActiveRecord: 0.4ms)


Started GET "/doctors" for 127.0.0.1 at 2015-10-29 16:24:26 +0000
Processing by DoctorsController#index as HTML
  [1m[35mDoctor Load (0.2ms)[0m  SELECT "doctors".* FROM "doctors"
  Rendered doctors/index.html.erb within layouts/application (2.7ms)
Completed 200 OK in 79ms (Views: 77.8ms | ActiveRecord: 0.2ms)


Started GET "/doctors/new" for 127.0.0.1 at 2015-10-29 16:24:30 +0000
Processing by DoctorsController#new as HTML
  Rendered doctors/_form.html.erb (2.9ms)
  Rendered doctors/new.html.erb within layouts/application (5.0ms)
Completed 200 OK in 79ms (Views: 77.8ms | ActiveRecord: 0.0ms)


Started POST "/doctors" for 127.0.0.1 at 2015-10-29 16:24:52 +0000
Processing by DoctorsController#create as HTML
  Parameters: {"utf8"=>"✓", "authenticity_token"=>"ZuNK1ex4UtSbECT62fVWjNqUpxZ4ebPBOuKVp0DLtgNZXXDjUMqzbYcEIRYaNWlkAdZkuHV2DF59lcf4dx6GjQ==", "doctor"=>{"name"=>"Edwin Ubilla", "email"=>"edbby@yahoo.ch"}, "commit"=>"Create Doctor"}
  [1m[36m (0.1ms)[0m  [1mbegin transaction[0m
  [1m[35mSQL (0.3ms)[0m  INSERT INTO "doctors" ("name", "email", "created_at", "updated_at") VALUES (?, ?, ?, ?)  [["name", "Edwin Ubilla"], ["email", "edbby@yahoo.ch"], ["created_at", "2015-10-29 16:24:52.762832"], ["updated_at", "2015-10-29 16:24:52.762832"]]
  [1m[36m (230.2ms)[0m  [1mcommit transaction[0m
Redirected to http://localhost:3000/doctors/2
Completed 302 Found in 236ms (ActiveRecord: 230.6ms)


Started GET "/doctors/2" for 127.0.0.1 at 2015-10-29 16:24:53 +0000
Processing by DoctorsController#show as HTML
  Parameters: {"id"=>"2"}
  [1m[35mDoctor Load (0.3ms)[0m  SELECT  "doctors".* FROM "doctors" WHERE "doctors"."id" = ? LIMIT 1  [["id", 2]]
  Rendered doctors/show.html.erb within layouts/application (0.6ms)
Completed 200 OK in 72ms (Views: 70.4ms | ActiveRecord: 0.3ms)


Started GET "/doctors" for 127.0.0.1 at 2015-10-29 16:25:10 +0000
Processing by DoctorsController#index as HTML
  [1m[36mDoctor Load (0.2ms)[0m  [1mSELECT "doctors".* FROM "doctors"[0m
  Rendered doctors/index.html.erb within layouts/application (2.2ms)
Completed 200 OK in 82ms (Views: 80.4ms | ActiveRecord: 0.2ms)


Started GET "/patients" for 127.0.0.1 at 2015-10-29 16:25:11 +0000
Processing by PatientsController#index as HTML
  [1m[35mPatient Load (0.3ms)[0m  SELECT "patients".* FROM "patients"
  Rendered patients/index.html.erb within layouts/application (3.6ms)
Completed 200 OK in 86ms (Views: 77.9ms | ActiveRecord: 0.4ms)


Started GET "/patients/new" for 127.0.0.1 at 2015-10-29 16:25:14 +0000
Processing by PatientsController#new as HTML
  Rendered patients/_form.html.erb (9.0ms)
  Rendered patients/new.html.erb within layouts/application (11.8ms)
Completed 200 OK in 98ms (Views: 86.6ms | ActiveRecord: 0.3ms)


Started POST "/patients" for 127.0.0.1 at 2015-10-29 16:25:53 +0000
Processing by PatientsController#create as HTML
  Parameters: {"utf8"=>"✓", "authenticity_token"=>"f3fLlScDg5KqD2d+vaofGdghnto9m9V2TfoQpIHxmIdAyfGjm7FiK7YbYpJ+aiDxA2NddDCUaukKjUL7tiSoCQ==", "patient"=>{"doctor_id"=>"1", "name"=>"John Wayne", "email"=>"jwayne@MGM.com", "content"=>"Radiation poisoning :("}, "commit"=>"Create Patient"}
  [1m[36m (0.1ms)[0m  [1mbegin transaction[0m
  [1m[35mSQL (0.4ms)[0m  INSERT INTO "patients" ("doctor_id", "name", "email", "content", "created_at", "updated_at") VALUES (?, ?, ?, ?, ?, ?)  [["doctor_id", 1], ["name", "John Wayne"], ["email", "jwayne@MGM.com"], ["content", "Radiation poisoning :("], ["created_at", "2015-10-29 16:25:53.632312"], ["updated_at", "2015-10-29 16:25:53.632312"]]
  [1m[36m (211.8ms)[0m  [1mcommit transaction[0m
Redirected to http://localhost:3000/patients/1
Completed 302 Found in 220ms (ActiveRecord: 212.4ms)


Started GET "/patients/1" for 127.0.0.1 at 2015-10-29 16:25:53 +0000
Processing by PatientsController#show as HTML
  Parameters: {"id"=>"1"}
  [1m[35mPatient Load (0.4ms)[0m  SELECT  "patients".* FROM "patients" WHERE "patients"."id" = ? LIMIT 1  [["id", 1]]
  Rendered patients/show.html.erb within layouts/application (1.8ms)
Completed 200 OK in 80ms (Views: 76.8ms | ActiveRecord: 0.4ms)


Started GET "/patients" for 127.0.0.1 at 2015-10-29 16:25:55 +0000
Processing by PatientsController#index as HTML
  [1m[36mPatient Load (0.3ms)[0m  [1mSELECT "patients".* FROM "patients"[0m
  Rendered patients/index.html.erb within layouts/application (2.9ms)
Completed 200 OK in 76ms (Views: 75.0ms | ActiveRecord: 0.3ms)


Started GET "/patients/new" for 127.0.0.1 at 2015-10-29 16:25:57 +0000
Processing by PatientsController#new as HTML
  Rendered patients/_form.html.erb (4.1ms)
  Rendered patients/new.html.erb within layouts/application (6.0ms)
Completed 200 OK in 78ms (Views: 77.1ms | ActiveRecord: 0.0ms)


Started POST "/patients" for 127.0.0.1 at 2015-10-29 16:26:29 +0000
Processing by PatientsController#create as HTML
  Parameters: {"utf8"=>"✓", "authenticity_token"=>"1TiNS2ztJf8uorR8FhdVHQWY3aTuNp723g3J54vO6XPqhrd90F/ERjK2sZDV12r13toeCuM5IWmZepu4vBvZ/Q==", "patient"=>{"doctor_id"=>"2", "name"=>"Joffrey Baratheon", "email"=>"jdawg@gmail.com", "content"=>"Death"}, "commit"=>"Create Patient"}
  [1m[35m (0.2ms)[0m  begin transaction
  [1m[36mSQL (0.4ms)[0m  [1mINSERT INTO "patients" ("doctor_id", "name", "email", "content", "created_at", "updated_at") VALUES (?, ?, ?, ?, ?, ?)[0m  [["doctor_id", 2], ["name", "Joffrey Baratheon"], ["email", "jdawg@gmail.com"], ["content", "Death"], ["created_at", "2015-10-29 16:26:29.660772"], ["updated_at", "2015-10-29 16:26:29.660772"]]
  [1m[35m (249.3ms)[0m  commit transaction
Redirected to http://localhost:3000/patients/2
Completed 302 Found in 257ms (ActiveRecord: 249.8ms)


Started GET "/patients/2" for 127.0.0.1 at 2015-10-29 16:26:29 +0000
Processing by PatientsController#show as HTML
  Parameters: {"id"=>"2"}
  [1m[36mPatient Load (0.2ms)[0m  [1mSELECT  "patients".* FROM "patients" WHERE "patients"."id" = ? LIMIT 1[0m  [["id", 2]]
  Rendered patients/show.html.erb within layouts/application (0.6ms)
Completed 200 OK in 76ms (Views: 74.4ms | ActiveRecord: 0.2ms)


Started GET "/patients" for 127.0.0.1 at 2015-10-29 16:26:32 +0000
Processing by PatientsController#index as HTML
  [1m[35mPatient Load (0.2ms)[0m  SELECT "patients".* FROM "patients"
  Rendered patients/index.html.erb within layouts/application (2.3ms)
Completed 200 OK in 75ms (Views: 73.6ms | ActiveRecord: 0.2ms)


Started GET "/patients/new" for 127.0.0.1 at 2015-10-29 16:26:33 +0000
Processing by PatientsController#new as HTML
  Rendered patients/_form.html.erb (4.1ms)
  Rendered patients/new.html.erb within layouts/application (5.9ms)
Completed 200 OK in 78ms (Views: 76.8ms | ActiveRecord: 0.0ms)


Started POST "/patients" for 127.0.0.1 at 2015-10-29 16:26:59 +0000
Processing by PatientsController#create as HTML
  Parameters: {"utf8"=>"✓", "authenticity_token"=>"3pCnRzTvzQAYzaDwTgHT7BOVbPYDKEWFZoDAKrUAaDPhLp1xiF0suQTZpRyNwewEyNevWA4n+hoh95J1gtVYvQ==", "patient"=>{"doctor_id"=>"1", "name"=>"James Thomy", "email"=>"jamesT@yes.ie", "content"=>"Pretty chill guy."}, "commit"=>"Create Patient"}
  [1m[36m (0.2ms)[0m  [1mbegin transaction[0m
  [1m[35mSQL (0.4ms)[0m  INSERT INTO "patients" ("doctor_id", "name", "email", "content", "created_at", "updated_at") VALUES (?, ?, ?, ?, ?, ?)  [["doctor_id", 1], ["name", "James Thomy"], ["email", "jamesT@yes.ie"], ["content", "Pretty chill guy."], ["created_at", "2015-10-29 16:26:59.344237"], ["updated_at", "2015-10-29 16:26:59.344237"]]
  [1m[36m (239.9ms)[0m  [1mcommit transaction[0m
Redirected to http://localhost:3000/patients/3
Completed 302 Found in 248ms (ActiveRecord: 240.5ms)


Started GET "/patients/3" for 127.0.0.1 at 2015-10-29 16:26:59 +0000
Processing by PatientsController#show as HTML
  Parameters: {"id"=>"3"}
  [1m[35mPatient Load (0.2ms)[0m  SELECT  "patients".* FROM "patients" WHERE "patients"."id" = ? LIMIT 1  [["id", 3]]
  Rendered patients/show.html.erb within layouts/application (0.8ms)
Completed 200 OK in 84ms (Views: 82.2ms | ActiveRecord: 0.2ms)


Started GET "/patients" for 127.0.0.1 at 2015-10-29 16:27:02 +0000
Processing by PatientsController#index as HTML
  [1m[36mPatient Load (0.3ms)[0m  [1mSELECT "patients".* FROM "patients"[0m
  Rendered patients/index.html.erb within layouts/application (2.8ms)
Completed 200 OK in 107ms (Views: 105.9ms | ActiveRecord: 0.3ms)


Started GET "/" for 127.0.0.1 at 2015-10-29 16:27:07 +0000
Processing by DoctorsController#index as HTML
  [1m[35mDoctor Load (0.3ms)[0m  SELECT "doctors".* FROM "doctors"
  Rendered doctors/index.html.erb within layouts/application (3.2ms)
Completed 200 OK in 96ms (Views: 93.7ms | ActiveRecord: 0.3ms)


Started GET "/doctors/1" for 127.0.0.1 at 2015-10-29 16:27:09 +0000
Processing by DoctorsController#show as HTML
  Parameters: {"id"=>"1"}
  [1m[36mDoctor Load (0.1ms)[0m  [1mSELECT  "doctors".* FROM "doctors" WHERE "doctors"."id" = ? LIMIT 1[0m  [["id", 1]]
  Rendered doctors/show.html.erb within layouts/application (1.9ms)
Completed 200 OK in 97ms (Views: 95.7ms | ActiveRecord: 0.1ms)


Started GET "/doctors/1" for 127.0.0.1 at 2015-10-29 16:29:09 +0000
  [1m[36mActiveRecord::SchemaMigration Load (0.2ms)[0m  [1mSELECT "schema_migrations".* FROM "schema_migrations"[0m
Processing by DoctorsController#show as HTML
  Parameters: {"id"=>"1"}
  [1m[35mDoctor Load (0.3ms)[0m  SELECT  "doctors".* FROM "doctors" WHERE "doctors"."id" = ? LIMIT 1  [["id", 1]]
  Rendered doctors/show.html.erb within layouts/application (27.6ms)
Completed 500 Internal Server Error in 78ms (ActiveRecord: 0.9ms)

NameError (undefined local variable or method `doctor' for #<#<Class:0x007fe1d4bc0620>:0x000000058de370>):
  app/views/doctors/show.html.erb:14:in `_app_views_doctors_show_html_erb__679731025201059836_70303956891460'


  Rendered /home/toomanycooks/.rvm/gems/ruby-2.2.1/gems/web-console-2.0.0.beta3/lib/action_dispatch/templates/rescues/_source.erb (15.4ms)
  Rendered /home/toomanycooks/.rvm/gems/ruby-2.2.1/gems/web-console-2.0.0.beta3/lib/action_dispatch/templates/rescues/_trace.html.erb (5.7ms)
  Rendered /home/toomanycooks/.rvm/gems/ruby-2.2.1/gems/web-console-2.0.0.beta3/lib/action_dispatch/templates/rescues/_request_and_response.html.erb (1.7ms)
  Rendered /home/toomanycooks/.rvm/gems/ruby-2.2.1/gems/web-console-2.0.0.beta3/lib/action_dispatch/templates/rescues/_web_console.html.erb (1.4ms)
  Rendered /home/toomanycooks/.rvm/gems/ruby-2.2.1/gems/web-console-2.0.0.beta3/lib/action_dispatch/templates/rescues/diagnostics.html.erb within rescues/layout (79.3ms)


Started GET "/doctors/1" for 127.0.0.1 at 2015-10-29 16:29:49 +0000
Processing by DoctorsController#show as HTML
  Parameters: {"id"=>"1"}
  [1m[36mDoctor Load (0.2ms)[0m  [1mSELECT  "doctors".* FROM "doctors" WHERE "doctors"."id" = ? LIMIT 1[0m  [["id", 1]]
  Rendered doctors/show.html.erb within layouts/application (31.1ms)
Completed 500 Internal Server Error in 39ms (ActiveRecord: 0.2ms)

NameError (undefined local variable or method `patients' for #<#<Class:0x007fe1d4bc0620>:0x007fe1d5639d68>):
  app/views/doctors/show.html.erb:14:in `_app_views_doctors_show_html_erb__679731025201059836_70303962218720'


  Rendered /home/toomanycooks/.rvm/gems/ruby-2.2.1/gems/web-console-2.0.0.beta3/lib/action_dispatch/templates/rescues/_source.erb (16.3ms)
  Rendered /home/toomanycooks/.rvm/gems/ruby-2.2.1/gems/web-console-2.0.0.beta3/lib/action_dispatch/templates/rescues/_trace.html.erb (7.0ms)
  Rendered /home/toomanycooks/.rvm/gems/ruby-2.2.1/gems/web-console-2.0.0.beta3/lib/action_dispatch/templates/rescues/_request_and_response.html.erb (1.6ms)
  Rendered /home/toomanycooks/.rvm/gems/ruby-2.2.1/gems/web-console-2.0.0.beta3/lib/action_dispatch/templates/rescues/_web_console.html.erb (1.3ms)
  Rendered /home/toomanycooks/.rvm/gems/ruby-2.2.1/gems/web-console-2.0.0.beta3/lib/action_dispatch/templates/rescues/diagnostics.html.erb within rescues/layout (75.3ms)


Started GET "/doctors/1" for 127.0.0.1 at 2015-10-29 16:30:22 +0000
Processing by DoctorsController#show as HTML
  Parameters: {"id"=>"1"}
  [1m[35mDoctor Load (0.1ms)[0m  SELECT  "doctors".* FROM "doctors" WHERE "doctors"."id" = ? LIMIT 1  [["id", 1]]
  [1m[36mPatient Load (0.3ms)[0m  [1mSELECT "patients".* FROM "patients" WHERE "patients"."doctor_id" = ?[0m  [["doctor_id", 1]]
  Rendered doctors/show.html.erb within layouts/application (39.3ms)
Completed 200 OK in 369ms (Views: 367.0ms | ActiveRecord: 0.9ms)


Started GET "/assets/patients.self-e3b0c44298fc1c149afbf4c8996fb92427ae41e4649b934ca495991b7852b855.css?body=1" for 127.0.0.1 at 2015-10-29 16:30:22 +0000


Started GET "/assets/doctors.self-e3b0c44298fc1c149afbf4c8996fb92427ae41e4649b934ca495991b7852b855.css?body=1" for 127.0.0.1 at 2015-10-29 16:30:22 +0000


Started GET "/assets/scaffolds.self-604a34219bdd23aa156aa04d0b2bb8e8745211971b7a6978d631cd0eeaa42eb2.css?body=1" for 127.0.0.1 at 2015-10-29 16:30:22 +0000


Started GET "/assets/application.self-e80e8f2318043e8af94dddc2adad5a4f09739a8ebb323b3ab31cd71d45fd9113.css?body=1" for 127.0.0.1 at 2015-10-29 16:30:22 +0000


Started GET "/assets/jquery.self-d03a5518f45df77341bdbe6201ba3bfa547ebba8ed64f0ea56bfa5f96ea7c074.js?body=1" for 127.0.0.1 at 2015-10-29 16:30:22 +0000


Started GET "/assets/turbolinks.self-680e388bf7f759d85e2dbe0044d33f55e12b26da721317111c01ec92e53df55e.js?body=1" for 127.0.0.1 at 2015-10-29 16:30:22 +0000


Started GET "/assets/jquery_ujs.self-8e98a7a072a6cee1372d19fff9ff3e6aa1e39a37d89d6f06861637d061113ee7.js?body=1" for 127.0.0.1 at 2015-10-29 16:30:22 +0000


Started GET "/assets/doctors.self-877aef30ae1b040ab8a3aba4e3e309a11d7f2612f44dde450b5c157aa5f95c05.js?body=1" for 127.0.0.1 at 2015-10-29 16:30:22 +0000


Started GET "/assets/patients.self-877aef30ae1b040ab8a3aba4e3e309a11d7f2612f44dde450b5c157aa5f95c05.js?body=1" for 127.0.0.1 at 2015-10-29 16:30:22 +0000


Started GET "/assets/application.self-3b8dabdc891efe46b9a144b400ad69e37d7e5876bdc39dee783419a69d7ca819.js?body=1" for 127.0.0.1 at 2015-10-29 16:30:22 +0000


Started GET "/doctors" for 127.0.0.1 at 2015-10-29 16:31:30 +0000
Processing by DoctorsController#index as HTML
  [1m[35mDoctor Load (0.3ms)[0m  SELECT "doctors".* FROM "doctors"
  Rendered doctors/index.html.erb within layouts/application (4.4ms)
Completed 200 OK in 137ms (Views: 135.3ms | ActiveRecord: 0.3ms)


Started GET "/patients" for 127.0.0.1 at 2015-10-29 16:31:31 +0000
Processing by PatientsController#index as HTML
  [1m[36mPatient Load (0.3ms)[0m  [1mSELECT "patients".* FROM "patients"[0m
  Rendered patients/index.html.erb within layouts/application (5.5ms)
Completed 200 OK in 104ms (Views: 102.1ms | ActiveRecord: 0.3ms)


Started GET "/patients/1" for 127.0.0.1 at 2015-10-29 16:31:37 +0000
Processing by PatientsController#show as HTML
  Parameters: {"id"=>"1"}
  [1m[35mPatient Load (0.3ms)[0m  SELECT  "patients".* FROM "patients" WHERE "patients"."id" = ? LIMIT 1  [["id", 1]]
  Rendered patients/show.html.erb within layouts/application (18.6ms)
Completed 500 Internal Server Error in 28ms (ActiveRecord: 0.3ms)

NoMethodError (undefined method `name' for 1:Fixnum):
  app/views/patients/show.html.erb:5:in `_app_views_patients_show_html_erb__2424516420898500224_41296660'


  Rendered /home/toomanycooks/.rvm/gems/ruby-2.2.1/gems/web-console-2.0.0.beta3/lib/action_dispatch/templates/rescues/_source.erb (25.6ms)
  Rendered /home/toomanycooks/.rvm/gems/ruby-2.2.1/gems/web-console-2.0.0.beta3/lib/action_dispatch/templates/rescues/_trace.html.erb (6.4ms)
  Rendered /home/toomanycooks/.rvm/gems/ruby-2.2.1/gems/web-console-2.0.0.beta3/lib/action_dispatch/templates/rescues/_request_and_response.html.erb (1.9ms)
  Rendered /home/toomanycooks/.rvm/gems/ruby-2.2.1/gems/web-console-2.0.0.beta3/lib/action_dispatch/templates/rescues/_web_console.html.erb (1.5ms)
  Rendered /home/toomanycooks/.rvm/gems/ruby-2.2.1/gems/web-console-2.0.0.beta3/lib/action_dispatch/templates/rescues/diagnostics.html.erb within rescues/layout (67.8ms)


Started GET "/patients/1" for 127.0.0.1 at 2015-10-29 16:31:37 +0000
Processing by PatientsController#show as HTML
  Parameters: {"id"=>"1"}
  [1m[36mPatient Load (0.2ms)[0m  [1mSELECT  "patients".* FROM "patients" WHERE "patients"."id" = ? LIMIT 1[0m  [["id", 1]]
  Rendered patients/show.html.erb within layouts/application (5.0ms)
Completed 500 Internal Server Error in 13ms (ActiveRecord: 0.2ms)

NoMethodError (undefined method `name' for 1:Fixnum):
  app/views/patients/show.html.erb:5:in `_app_views_patients_show_html_erb__2424516420898500224_70303853827060'


  Rendered /home/toomanycooks/.rvm/gems/ruby-2.2.1/gems/web-console-2.0.0.beta3/lib/action_dispatch/templates/rescues/_source.erb (16.5ms)
  Rendered /home/toomanycooks/.rvm/gems/ruby-2.2.1/gems/web-console-2.0.0.beta3/lib/action_dispatch/templates/rescues/_trace.html.erb (5.7ms)
  Rendered /home/toomanycooks/.rvm/gems/ruby-2.2.1/gems/web-console-2.0.0.beta3/lib/action_dispatch/templates/rescues/_request_and_response.html.erb (1.7ms)
  Rendered /home/toomanycooks/.rvm/gems/ruby-2.2.1/gems/web-console-2.0.0.beta3/lib/action_dispatch/templates/rescues/_web_console.html.erb (1.5ms)
  Rendered /home/toomanycooks/.rvm/gems/ruby-2.2.1/gems/web-console-2.0.0.beta3/lib/action_dispatch/templates/rescues/diagnostics.html.erb within rescues/layout (57.0ms)


Started GET "/patients/1" for 127.0.0.1 at 2015-10-29 16:34:17 +0000
Processing by PatientsController#show as HTML
  Parameters: {"id"=>"1"}
  [1m[35mPatient Load (0.2ms)[0m  SELECT  "patients".* FROM "patients" WHERE "patients"."id" = ? LIMIT 1  [["id", 1]]
  [1m[36mDoctor Load (0.2ms)[0m  [1mSELECT  "doctors".* FROM "doctors" WHERE "doctors"."id" = ? LIMIT 1[0m  [["id", 1]]
  Rendered patients/show.html.erb within layouts/application (8.2ms)
Completed 200 OK in 87ms (Views: 84.8ms | ActiveRecord: 0.4ms)


Started GET "/assets/doctors.self-e3b0c44298fc1c149afbf4c8996fb92427ae41e4649b934ca495991b7852b855.css?body=1" for 127.0.0.1 at 2015-10-29 16:34:17 +0000


Started GET "/assets/scaffolds.self-604a34219bdd23aa156aa04d0b2bb8e8745211971b7a6978d631cd0eeaa42eb2.css?body=1" for 127.0.0.1 at 2015-10-29 16:34:17 +0000


Started GET "/assets/application.self-e80e8f2318043e8af94dddc2adad5a4f09739a8ebb323b3ab31cd71d45fd9113.css?body=1" for 127.0.0.1 at 2015-10-29 16:34:17 +0000


Started GET "/assets/jquery_ujs.self-8e98a7a072a6cee1372d19fff9ff3e6aa1e39a37d89d6f06861637d061113ee7.js?body=1" for 127.0.0.1 at 2015-10-29 16:34:17 +0000


Started GET "/assets/jquery.self-d03a5518f45df77341bdbe6201ba3bfa547ebba8ed64f0ea56bfa5f96ea7c074.js?body=1" for 127.0.0.1 at 2015-10-29 16:34:17 +0000


Started GET "/assets/patients.self-e3b0c44298fc1c149afbf4c8996fb92427ae41e4649b934ca495991b7852b855.css?body=1" for 127.0.0.1 at 2015-10-29 16:34:17 +0000


Started GET "/assets/turbolinks.self-680e388bf7f759d85e2dbe0044d33f55e12b26da721317111c01ec92e53df55e.js?body=1" for 127.0.0.1 at 2015-10-29 16:34:17 +0000


Started GET "/assets/doctors.self-877aef30ae1b040ab8a3aba4e3e309a11d7f2612f44dde450b5c157aa5f95c05.js?body=1" for 127.0.0.1 at 2015-10-29 16:34:17 +0000


Started GET "/assets/application.self-3b8dabdc891efe46b9a144b400ad69e37d7e5876bdc39dee783419a69d7ca819.js?body=1" for 127.0.0.1 at 2015-10-29 16:34:17 +0000


Started GET "/assets/patients.self-877aef30ae1b040ab8a3aba4e3e309a11d7f2612f44dde450b5c157aa5f95c05.js?body=1" for 127.0.0.1 at 2015-10-29 16:34:17 +0000


Started GET "/patients" for 127.0.0.1 at 2015-10-29 16:35:29 +0000
Processing by PatientsController#index as HTML
  [1m[35mPatient Load (0.3ms)[0m  SELECT "patients".* FROM "patients"
  Rendered patients/index.html.erb within layouts/application (4.6ms)
Completed 200 OK in 98ms (Views: 96.4ms | ActiveRecord: 0.3ms)


Started GET "/" for 127.0.0.1 at 2015-10-29 16:35:30 +0000
Processing by DoctorsController#index as HTML
  [1m[36mDoctor Load (0.3ms)[0m  [1mSELECT "doctors".* FROM "doctors"[0m
  Rendered doctors/index.html.erb within layouts/application (2.7ms)
Completed 200 OK in 84ms (Views: 81.9ms | ActiveRecord: 0.3ms)


Started GET "/doctors/1" for 127.0.0.1 at 2015-10-29 16:35:31 +0000
Processing by DoctorsController#show as HTML
  Parameters: {"id"=>"1"}
  [1m[35mDoctor Load (0.2ms)[0m  SELECT  "doctors".* FROM "doctors" WHERE "doctors"."id" = ? LIMIT 1  [["id", 1]]
  [1m[36mPatient Load (0.2ms)[0m  [1mSELECT "patients".* FROM "patients" WHERE "patients"."doctor_id" = ?[0m  [["doctor_id", 1]]
  Rendered doctors/show.html.erb within layouts/application (6.6ms)
Completed 500 Internal Server Error in 14ms (ActiveRecord: 0.3ms)

NoMethodError (undefined method `last' for nil:NilClass):
  app/views/doctors/show.html.erb:16:in `block in _app_views_doctors_show_html_erb__679731025201059836_70303960905440'
  app/views/doctors/show.html.erb:15:in `_app_views_doctors_show_html_erb__679731025201059836_70303960905440'


  Rendered /home/toomanycooks/.rvm/gems/ruby-2.2.1/gems/web-console-2.0.0.beta3/lib/action_dispatch/templates/rescues/_source.erb (15.0ms)
  Rendered /home/toomanycooks/.rvm/gems/ruby-2.2.1/gems/web-console-2.0.0.beta3/lib/action_dispatch/templates/rescues/_trace.html.erb (6.1ms)
  Rendered /home/toomanycooks/.rvm/gems/ruby-2.2.1/gems/web-console-2.0.0.beta3/lib/action_dispatch/templates/rescues/_request_and_response.html.erb (2.0ms)
  Rendered /home/toomanycooks/.rvm/gems/ruby-2.2.1/gems/web-console-2.0.0.beta3/lib/action_dispatch/templates/rescues/_web_console.html.erb (1.4ms)
  Rendered /home/toomanycooks/.rvm/gems/ruby-2.2.1/gems/web-console-2.0.0.beta3/lib/action_dispatch/templates/rescues/diagnostics.html.erb within rescues/layout (55.2ms)


Started GET "/doctors/1" for 127.0.0.1 at 2015-10-29 16:35:31 +0000
Processing by DoctorsController#show as HTML
  Parameters: {"id"=>"1"}
  [1m[35mDoctor Load (0.2ms)[0m  SELECT  "doctors".* FROM "doctors" WHERE "doctors"."id" = ? LIMIT 1  [["id", 1]]
  [1m[36mPatient Load (0.2ms)[0m  [1mSELECT "patients".* FROM "patients" WHERE "patients"."doctor_id" = ?[0m  [["doctor_id", 1]]
  Rendered doctors/show.html.erb within layouts/application (5.8ms)
Completed 500 Internal Server Error in 14ms (ActiveRecord: 0.4ms)

NoMethodError (undefined method `last' for nil:NilClass):
  app/views/doctors/show.html.erb:16:in `block in _app_views_doctors_show_html_erb__679731025201059836_70303822786940'
  app/views/doctors/show.html.erb:15:in `_app_views_doctors_show_html_erb__679731025201059836_70303822786940'


  Rendered /home/toomanycooks/.rvm/gems/ruby-2.2.1/gems/web-console-2.0.0.beta3/lib/action_dispatch/templates/rescues/_source.erb (15.8ms)
  Rendered /home/toomanycooks/.rvm/gems/ruby-2.2.1/gems/web-console-2.0.0.beta3/lib/action_dispatch/templates/rescues/_trace.html.erb (5.6ms)
  Rendered /home/toomanycooks/.rvm/gems/ruby-2.2.1/gems/web-console-2.0.0.beta3/lib/action_dispatch/templates/rescues/_request_and_response.html.erb (1.5ms)
  Rendered /home/toomanycooks/.rvm/gems/ruby-2.2.1/gems/web-console-2.0.0.beta3/lib/action_dispatch/templates/rescues/_web_console.html.erb (1.5ms)
  Rendered /home/toomanycooks/.rvm/gems/ruby-2.2.1/gems/web-console-2.0.0.beta3/lib/action_dispatch/templates/rescues/diagnostics.html.erb within rescues/layout (55.6ms)


Started GET "/doctors/1" for 127.0.0.1 at 2015-10-29 16:35:43 +0000
Processing by DoctorsController#show as HTML
  Parameters: {"id"=>"1"}
  [1m[35mDoctor Load (0.2ms)[0m  SELECT  "doctors".* FROM "doctors" WHERE "doctors"."id" = ? LIMIT 1  [["id", 1]]
  [1m[36mPatient Load (0.2ms)[0m  [1mSELECT "patients".* FROM "patients" WHERE "patients"."doctor_id" = ?[0m  [["doctor_id", 1]]
  Rendered doctors/show.html.erb within layouts/application (3.2ms)
Completed 200 OK in 78ms (Views: 75.8ms | ActiveRecord: 0.3ms)


Started GET "/assets/patients.self-e3b0c44298fc1c149afbf4c8996fb92427ae41e4649b934ca495991b7852b855.css?body=1" for 127.0.0.1 at 2015-10-29 16:35:44 +0000


Started GET "/assets/jquery.self-d03a5518f45df77341bdbe6201ba3bfa547ebba8ed64f0ea56bfa5f96ea7c074.js?body=1" for 127.0.0.1 at 2015-10-29 16:35:44 +0000


Started GET "/assets/doctors.self-e3b0c44298fc1c149afbf4c8996fb92427ae41e4649b934ca495991b7852b855.css?body=1" for 127.0.0.1 at 2015-10-29 16:35:44 +0000


Started GET "/assets/scaffolds.self-604a34219bdd23aa156aa04d0b2bb8e8745211971b7a6978d631cd0eeaa42eb2.css?body=1" for 127.0.0.1 at 2015-10-29 16:35:44 +0000


Started GET "/assets/application.self-e80e8f2318043e8af94dddc2adad5a4f09739a8ebb323b3ab31cd71d45fd9113.css?body=1" for 127.0.0.1 at 2015-10-29 16:35:44 +0000


Started GET "/assets/jquery_ujs.self-8e98a7a072a6cee1372d19fff9ff3e6aa1e39a37d89d6f06861637d061113ee7.js?body=1" for 127.0.0.1 at 2015-10-29 16:35:44 +0000


Started GET "/assets/turbolinks.self-680e388bf7f759d85e2dbe0044d33f55e12b26da721317111c01ec92e53df55e.js?body=1" for 127.0.0.1 at 2015-10-29 16:35:44 +0000


Started GET "/assets/doctors.self-877aef30ae1b040ab8a3aba4e3e309a11d7f2612f44dde450b5c157aa5f95c05.js?body=1" for 127.0.0.1 at 2015-10-29 16:35:44 +0000


Started GET "/assets/patients.self-877aef30ae1b040ab8a3aba4e3e309a11d7f2612f44dde450b5c157aa5f95c05.js?body=1" for 127.0.0.1 at 2015-10-29 16:35:44 +0000


Started GET "/assets/application.self-3b8dabdc891efe46b9a144b400ad69e37d7e5876bdc39dee783419a69d7ca819.js?body=1" for 127.0.0.1 at 2015-10-29 16:35:44 +0000


Started GET "/doctors" for 127.0.0.1 at 2015-10-29 16:38:43 +0000
Processing by DoctorsController#index as HTML
  [1m[35mDoctor Load (0.3ms)[0m  SELECT "doctors".* FROM "doctors"
  Rendered doctors/index.html.erb within layouts/application (2.3ms)
Completed 200 OK in 75ms (Views: 73.9ms | ActiveRecord: 0.3ms)


Started GET "/patients" for 127.0.0.1 at 2015-10-29 16:38:44 +0000
Processing by PatientsController#index as HTML
  [1m[36mPatient Load (0.4ms)[0m  [1mSELECT "patients".* FROM "patients"[0m
  Rendered patients/index.html.erb within layouts/application (3.3ms)
Completed 200 OK in 82ms (Views: 80.3ms | ActiveRecord: 0.4ms)


Started GET "/patients/new" for 127.0.0.1 at 2015-10-29 16:38:47 +0000
Processing by PatientsController#new as HTML
  Rendered patients/_form.html.erb (29.9ms)
  Rendered patients/new.html.erb within layouts/application (52.0ms)
Completed 200 OK in 126ms (Views: 125.1ms | ActiveRecord: 0.0ms)


Started GET "/patients" for 127.0.0.1 at 2015-10-29 16:44:51 +0000
Processing by PatientsController#index as HTML
  [1m[35mPatient Load (0.3ms)[0m  SELECT "patients".* FROM "patients"
  Rendered patients/index.html.erb within layouts/application (3.2ms)
Completed 200 OK in 105ms (Views: 103.0ms | ActiveRecord: 0.3ms)


Started GET "/" for 127.0.0.1 at 2015-10-29 16:44:52 +0000
Processing by DoctorsController#index as HTML
  [1m[36mDoctor Load (0.3ms)[0m  [1mSELECT "doctors".* FROM "doctors"[0m
  Rendered doctors/index.html.erb within layouts/application (2.7ms)
Completed 200 OK in 106ms (Views: 102.6ms | ActiveRecord: 0.3ms)


Started GET "/doctors/1" for 127.0.0.1 at 2015-10-29 16:44:54 +0000
Processing by DoctorsController#show as HTML
  Parameters: {"id"=>"1"}
  [1m[35mDoctor Load (0.2ms)[0m  SELECT  "doctors".* FROM "doctors" WHERE "doctors"."id" = ? LIMIT 1  [["id", 1]]
  [1m[36mPatient Load (0.2ms)[0m  [1mSELECT "patients".* FROM "patients" WHERE "patients"."doctor_id" = ?[0m  [["doctor_id", 1]]
  Rendered doctors/show.html.erb within layouts/application (4.0ms)
Completed 200 OK in 84ms (Views: 81.9ms | ActiveRecord: 0.4ms)


Started GET "/doctors/1" for 127.0.0.1 at 2015-10-29 16:45:04 +0000
Processing by DoctorsController#show as HTML
  Parameters: {"id"=>"1"}
  [1m[35mDoctor Load (0.2ms)[0m  SELECT  "doctors".* FROM "doctors" WHERE "doctors"."id" = ? LIMIT 1  [["id", 1]]
  Rendered doctors/show.html.erb within layouts/application (2.7ms)
Completed 500 Internal Server Error in 10ms (ActiveRecord: 0.2ms)

SyntaxError (/home/toomanycooks/teamproject/app/views/doctors/show.html.erb:21: syntax error, unexpected '<', expecting keyword_end
<%= link_to 'Edit', edit_docto...
 ^):
  app/views/doctors/show.html.erb:21: syntax error, unexpected '<', expecting keyword_end


  Rendered /home/toomanycooks/.rvm/gems/ruby-2.2.1/gems/web-console-2.0.0.beta3/lib/action_dispatch/templates/rescues/_source.erb (17.0ms)
  Rendered /home/toomanycooks/.rvm/gems/ruby-2.2.1/gems/web-console-2.0.0.beta3/lib/action_dispatch/templates/rescues/_trace.html.erb (6.3ms)
  Rendered /home/toomanycooks/.rvm/gems/ruby-2.2.1/gems/web-console-2.0.0.beta3/lib/action_dispatch/templates/rescues/_request_and_response.html.erb (1.7ms)
  Rendered /home/toomanycooks/.rvm/gems/ruby-2.2.1/gems/web-console-2.0.0.beta3/lib/action_dispatch/templates/rescues/_web_console.html.erb (1.6ms)
  Rendered /home/toomanycooks/.rvm/gems/ruby-2.2.1/gems/web-console-2.0.0.beta3/lib/action_dispatch/templates/rescues/diagnostics.html.erb within rescues/layout (59.5ms)


Started GET "/doctors/1" for 127.0.0.1 at 2015-10-29 16:45:34 +0000
Processing by DoctorsController#show as HTML
  Parameters: {"id"=>"1"}
  [1m[36mDoctor Load (0.2ms)[0m  [1mSELECT  "doctors".* FROM "doctors" WHERE "doctors"."id" = ? LIMIT 1[0m  [["id", 1]]
  Rendered doctors/show.html.erb within layouts/application (3.2ms)
Completed 500 Internal Server Error in 11ms (ActiveRecord: 0.2ms)

SyntaxError (/home/toomanycooks/teamproject/app/views/doctors/show.html.erb:20: syntax error, unexpected ')', expecting keyword_end
...e Patient', new_patient_path) );@output_buffer.safe_append='
...                               ^):
  app/views/doctors/show.html.erb:20: syntax error, unexpected ')', expecting keyword_end


  Rendered /home/toomanycooks/.rvm/gems/ruby-2.2.1/gems/web-console-2.0.0.beta3/lib/action_dispatch/templates/rescues/_source.erb (15.4ms)
  Rendered /home/toomanycooks/.rvm/gems/ruby-2.2.1/gems/web-console-2.0.0.beta3/lib/action_dispatch/templates/rescues/_trace.html.erb (5.5ms)
  Rendered /home/toomanycooks/.rvm/gems/ruby-2.2.1/gems/web-console-2.0.0.beta3/lib/action_dispatch/templates/rescues/_request_and_response.html.erb (1.9ms)
  Rendered /home/toomanycooks/.rvm/gems/ruby-2.2.1/gems/web-console-2.0.0.beta3/lib/action_dispatch/templates/rescues/_web_console.html.erb (1.4ms)
  Rendered /home/toomanycooks/.rvm/gems/ruby-2.2.1/gems/web-console-2.0.0.beta3/lib/action_dispatch/templates/rescues/diagnostics.html.erb within rescues/layout (55.7ms)


Started GET "/doctors/1" for 127.0.0.1 at 2015-10-29 16:46:12 +0000
Processing by DoctorsController#show as HTML
  Parameters: {"id"=>"1"}
  [1m[35mDoctor Load (0.2ms)[0m  SELECT  "doctors".* FROM "doctors" WHERE "doctors"."id" = ? LIMIT 1  [["id", 1]]
  [1m[36mPatient Load (0.2ms)[0m  [1mSELECT "patients".* FROM "patients" WHERE "patients"."doctor_id" = ?[0m  [["doctor_id", 1]]
  Rendered doctors/show.html.erb within layouts/application (3.2ms)
Completed 200 OK in 70ms (Views: 68.5ms | ActiveRecord: 0.3ms)


Started GET "/assets/application.self-e80e8f2318043e8af94dddc2adad5a4f09739a8ebb323b3ab31cd71d45fd9113.css?body=1" for 127.0.0.1 at 2015-10-29 16:46:13 +0000


Started GET "/assets/doctors.self-e3b0c44298fc1c149afbf4c8996fb92427ae41e4649b934ca495991b7852b855.css?body=1" for 127.0.0.1 at 2015-10-29 16:46:13 +0000


Started GET "/assets/patients.self-e3b0c44298fc1c149afbf4c8996fb92427ae41e4649b934ca495991b7852b855.css?body=1" for 127.0.0.1 at 2015-10-29 16:46:13 +0000


Started GET "/assets/scaffolds.self-604a34219bdd23aa156aa04d0b2bb8e8745211971b7a6978d631cd0eeaa42eb2.css?body=1" for 127.0.0.1 at 2015-10-29 16:46:13 +0000


Started GET "/assets/jquery.self-d03a5518f45df77341bdbe6201ba3bfa547ebba8ed64f0ea56bfa5f96ea7c074.js?body=1" for 127.0.0.1 at 2015-10-29 16:46:13 +0000


Started GET "/assets/jquery_ujs.self-8e98a7a072a6cee1372d19fff9ff3e6aa1e39a37d89d6f06861637d061113ee7.js?body=1" for 127.0.0.1 at 2015-10-29 16:46:13 +0000


Started GET "/assets/turbolinks.self-680e388bf7f759d85e2dbe0044d33f55e12b26da721317111c01ec92e53df55e.js?body=1" for 127.0.0.1 at 2015-10-29 16:46:13 +0000


Started GET "/assets/doctors.self-877aef30ae1b040ab8a3aba4e3e309a11d7f2612f44dde450b5c157aa5f95c05.js?body=1" for 127.0.0.1 at 2015-10-29 16:46:13 +0000


Started GET "/assets/patients.self-877aef30ae1b040ab8a3aba4e3e309a11d7f2612f44dde450b5c157aa5f95c05.js?body=1" for 127.0.0.1 at 2015-10-29 16:46:13 +0000


Started GET "/assets/application.self-3b8dabdc891efe46b9a144b400ad69e37d7e5876bdc39dee783419a69d7ca819.js?body=1" for 127.0.0.1 at 2015-10-29 16:46:13 +0000


Started GET "/patients/new.1" for 127.0.0.1 at 2015-10-29 16:46:15 +0000
Processing by PatientsController#new as 
  Rendered patients/_form.html.erb (5.2ms)
  Rendered patients/new.html.erb within layouts/application (15.7ms)
Completed 200 OK in 91ms (Views: 90.2ms | ActiveRecord: 0.0ms)


Started GET "/patients/new.1" for 127.0.0.1 at 2015-10-29 16:48:47 +0000
Processing by PatientsController#new as 
  Rendered patients/_form.html.erb (12.3ms)
  Rendered patients/new.html.erb within layouts/application (21.3ms)
Completed 500 Internal Server Error in 36ms (ActiveRecord: 0.0ms)

NoMethodError (undefined method `id' for nil:NilClass):
  app/views/patients/_form.html.erb:16:in `block in _app_views_patients__form_html_erb___764715498408217990_70303824981780'
  app/views/patients/_form.html.erb:1:in `_app_views_patients__form_html_erb___764715498408217990_70303824981780'
  app/views/patients/new.html.erb:3:in `_app_views_patients_new_html_erb___3186450244146475637_70303821064120'


  Rendered /home/toomanycooks/.rvm/gems/ruby-2.2.1/gems/web-console-2.0.0.beta3/lib/action_dispatch/templates/rescues/_source.erb (29.1ms)
  Rendered /home/toomanycooks/.rvm/gems/ruby-2.2.1/gems/web-console-2.0.0.beta3/lib/action_dispatch/templates/rescues/_trace.html.erb (6.0ms)
  Rendered /home/toomanycooks/.rvm/gems/ruby-2.2.1/gems/web-console-2.0.0.beta3/lib/action_dispatch/templates/rescues/_request_and_response.html.erb (1.5ms)
  Rendered /home/toomanycooks/.rvm/gems/ruby-2.2.1/gems/web-console-2.0.0.beta3/lib/action_dispatch/templates/rescues/_web_console.html.erb (1.3ms)
  Rendered /home/toomanycooks/.rvm/gems/ruby-2.2.1/gems/web-console-2.0.0.beta3/lib/action_dispatch/templates/rescues/diagnostics.html.erb within rescues/layout (69.4ms)


Started GET "/patients/new.1" for 127.0.0.1 at 2015-10-29 16:48:47 +0000
Processing by PatientsController#new as 
  Rendered patients/_form.html.erb (11.7ms)
  Rendered patients/new.html.erb within layouts/application (21.7ms)
Completed 500 Internal Server Error in 37ms (ActiveRecord: 0.0ms)

NoMethodError (undefined method `id' for nil:NilClass):
  app/views/patients/_form.html.erb:16:in `block in _app_views_patients__form_html_erb___764715498408217990_70303824981780'
  app/views/patients/_form.html.erb:1:in `_app_views_patients__form_html_erb___764715498408217990_70303824981780'
  app/views/patients/new.html.erb:3:in `_app_views_patients_new_html_erb___3186450244146475637_70303821064120'


  Rendered /home/toomanycooks/.rvm/gems/ruby-2.2.1/gems/web-console-2.0.0.beta3/lib/action_dispatch/templates/rescues/_source.erb (19.6ms)
  Rendered /home/toomanycooks/.rvm/gems/ruby-2.2.1/gems/web-console-2.0.0.beta3/lib/action_dispatch/templates/rescues/_trace.html.erb (7.2ms)
  Rendered /home/toomanycooks/.rvm/gems/ruby-2.2.1/gems/web-console-2.0.0.beta3/lib/action_dispatch/templates/rescues/_request_and_response.html.erb (1.8ms)
  Rendered /home/toomanycooks/.rvm/gems/ruby-2.2.1/gems/web-console-2.0.0.beta3/lib/action_dispatch/templates/rescues/_web_console.html.erb (1.6ms)
  Rendered /home/toomanycooks/.rvm/gems/ruby-2.2.1/gems/web-console-2.0.0.beta3/lib/action_dispatch/templates/rescues/diagnostics.html.erb within rescues/layout (61.5ms)


Started GET "/patients/new.1" for 127.0.0.1 at 2015-10-29 16:49:07 +0000
Processing by PatientsController#new as 
  Rendered patients/_form.html.erb (4.0ms)
  Rendered patients/new.html.erb within layouts/application (13.5ms)
Completed 500 Internal Server Error in 30ms (ActiveRecord: 0.0ms)

SyntaxError (/home/toomanycooks/teamproject/app/views/patients/_form.html.erb:16: syntax error, unexpected ':', expecting ')'
...utput_buffer.append=( @doctor :doctor_id );@output_buffer.sa...
...                               ^):
  app/views/patients/_form.html.erb:16: syntax error, unexpected ':', expecting ')'
  app/views/patients/new.html.erb:3:in `_app_views_patients_new_html_erb___3186450244146475637_70303821064120'


  Rendered /home/toomanycooks/.rvm/gems/ruby-2.2.1/gems/web-console-2.0.0.beta3/lib/action_dispatch/templates/rescues/_source.erb (18.8ms)
  Rendered /home/toomanycooks/.rvm/gems/ruby-2.2.1/gems/web-console-2.0.0.beta3/lib/action_dispatch/templates/rescues/_trace.html.erb (7.2ms)
  Rendered /home/toomanycooks/.rvm/gems/ruby-2.2.1/gems/web-console-2.0.0.beta3/lib/action_dispatch/templates/rescues/_request_and_response.html.erb (1.6ms)
  Rendered /home/toomanycooks/.rvm/gems/ruby-2.2.1/gems/web-console-2.0.0.beta3/lib/action_dispatch/templates/rescues/_web_console.html.erb (1.5ms)
  Rendered /home/toomanycooks/.rvm/gems/ruby-2.2.1/gems/web-console-2.0.0.beta3/lib/action_dispatch/templates/rescues/diagnostics.html.erb within rescues/layout (61.3ms)


Started GET "/patients/new.1" for 127.0.0.1 at 2015-10-29 16:52:03 +0000
Processing by PatientsController#new as 
  Rendered patients/_form.html.erb (4.8ms)
  Rendered patients/new.html.erb within layouts/application (14.7ms)
Completed 200 OK in 99ms (Views: 98.4ms | ActiveRecord: 0.0ms)


Started GET "/assets/doctors.self-e3b0c44298fc1c149afbf4c8996fb92427ae41e4649b934ca495991b7852b855.css?body=1" for 127.0.0.1 at 2015-10-29 16:52:03 +0000


Started GET "/assets/patients.self-e3b0c44298fc1c149afbf4c8996fb92427ae41e4649b934ca495991b7852b855.css?body=1" for 127.0.0.1 at 2015-10-29 16:52:03 +0000


Started GET "/assets/scaffolds.self-604a34219bdd23aa156aa04d0b2bb8e8745211971b7a6978d631cd0eeaa42eb2.css?body=1" for 127.0.0.1 at 2015-10-29 16:52:03 +0000


Started GET "/assets/application.self-e80e8f2318043e8af94dddc2adad5a4f09739a8ebb323b3ab31cd71d45fd9113.css?body=1" for 127.0.0.1 at 2015-10-29 16:52:03 +0000


Started GET "/assets/jquery.self-d03a5518f45df77341bdbe6201ba3bfa547ebba8ed64f0ea56bfa5f96ea7c074.js?body=1" for 127.0.0.1 at 2015-10-29 16:52:03 +0000


Started GET "/assets/turbolinks.self-680e388bf7f759d85e2dbe0044d33f55e12b26da721317111c01ec92e53df55e.js?body=1" for 127.0.0.1 at 2015-10-29 16:52:03 +0000


Started GET "/assets/jquery_ujs.self-8e98a7a072a6cee1372d19fff9ff3e6aa1e39a37d89d6f06861637d061113ee7.js?body=1" for 127.0.0.1 at 2015-10-29 16:52:03 +0000


Started GET "/assets/doctors.self-877aef30ae1b040ab8a3aba4e3e309a11d7f2612f44dde450b5c157aa5f95c05.js?body=1" for 127.0.0.1 at 2015-10-29 16:52:03 +0000


Started GET "/assets/patients.self-877aef30ae1b040ab8a3aba4e3e309a11d7f2612f44dde450b5c157aa5f95c05.js?body=1" for 127.0.0.1 at 2015-10-29 16:52:03 +0000


Started GET "/assets/application.self-3b8dabdc891efe46b9a144b400ad69e37d7e5876bdc39dee783419a69d7ca819.js?body=1" for 127.0.0.1 at 2015-10-29 16:52:03 +0000


Started GET "/patients/new.1" for 127.0.0.1 at 2015-10-29 16:53:52 +0000
Processing by PatientsController#new as 
  Rendered patients/_form.html.erb (5.3ms)
  Rendered patients/new.html.erb within layouts/application (15.2ms)
Completed 200 OK in 99ms (Views: 98.1ms | ActiveRecord: 0.0ms)


Started GET "/assets/doctors.self-e3b0c44298fc1c149afbf4c8996fb92427ae41e4649b934ca495991b7852b855.css?body=1" for 127.0.0.1 at 2015-10-29 16:53:53 +0000


Started GET "/assets/application.self-e80e8f2318043e8af94dddc2adad5a4f09739a8ebb323b3ab31cd71d45fd9113.css?body=1" for 127.0.0.1 at 2015-10-29 16:53:53 +0000


Started GET "/assets/patients.self-e3b0c44298fc1c149afbf4c8996fb92427ae41e4649b934ca495991b7852b855.css?body=1" for 127.0.0.1 at 2015-10-29 16:53:53 +0000


Started GET "/assets/jquery.self-d03a5518f45df77341bdbe6201ba3bfa547ebba8ed64f0ea56bfa5f96ea7c074.js?body=1" for 127.0.0.1 at 2015-10-29 16:53:53 +0000


Started GET "/assets/scaffolds.self-604a34219bdd23aa156aa04d0b2bb8e8745211971b7a6978d631cd0eeaa42eb2.css?body=1" for 127.0.0.1 at 2015-10-29 16:53:53 +0000


Started GET "/assets/jquery_ujs.self-8e98a7a072a6cee1372d19fff9ff3e6aa1e39a37d89d6f06861637d061113ee7.js?body=1" for 127.0.0.1 at 2015-10-29 16:53:53 +0000


Started GET "/assets/turbolinks.self-680e388bf7f759d85e2dbe0044d33f55e12b26da721317111c01ec92e53df55e.js?body=1" for 127.0.0.1 at 2015-10-29 16:53:53 +0000


Started GET "/assets/doctors.self-877aef30ae1b040ab8a3aba4e3e309a11d7f2612f44dde450b5c157aa5f95c05.js?body=1" for 127.0.0.1 at 2015-10-29 16:53:53 +0000


Started GET "/assets/patients.self-877aef30ae1b040ab8a3aba4e3e309a11d7f2612f44dde450b5c157aa5f95c05.js?body=1" for 127.0.0.1 at 2015-10-29 16:53:53 +0000


Started GET "/assets/application.self-3b8dabdc891efe46b9a144b400ad69e37d7e5876bdc39dee783419a69d7ca819.js?body=1" for 127.0.0.1 at 2015-10-29 16:53:53 +0000


Started GET "/patients/new.1" for 127.0.0.1 at 2015-10-29 16:54:09 +0000
Processing by PatientsController#new as 
  Rendered patients/_form.html.erb (13.0ms)
  Rendered patients/new.html.erb within layouts/application (23.0ms)
Completed 500 Internal Server Error in 37ms (ActiveRecord: 0.0ms)

ArgumentError (wrong number of arguments (0 for 1..3)):
  app/views/patients/_form.html.erb:15:in `block in _app_views_patients__form_html_erb___764715498408217990_70303823036160'
  app/views/patients/_form.html.erb:1:in `_app_views_patients__form_html_erb___764715498408217990_70303823036160'
  app/views/patients/new.html.erb:3:in `_app_views_patients_new_html_erb___3186450244146475637_70303821064120'


  Rendered /home/toomanycooks/.rvm/gems/ruby-2.2.1/gems/web-console-2.0.0.beta3/lib/action_dispatch/templates/rescues/_source.erb (15.6ms)
  Rendered /home/toomanycooks/.rvm/gems/ruby-2.2.1/gems/web-console-2.0.0.beta3/lib/action_dispatch/templates/rescues/_trace.html.erb (5.6ms)
  Rendered /home/toomanycooks/.rvm/gems/ruby-2.2.1/gems/web-console-2.0.0.beta3/lib/action_dispatch/templates/rescues/_request_and_response.html.erb (1.4ms)
  Rendered /home/toomanycooks/.rvm/gems/ruby-2.2.1/gems/web-console-2.0.0.beta3/lib/action_dispatch/templates/rescues/_web_console.html.erb (1.2ms)
  Rendered /home/toomanycooks/.rvm/gems/ruby-2.2.1/gems/web-console-2.0.0.beta3/lib/action_dispatch/templates/rescues/diagnostics.html.erb within rescues/layout (55.4ms)


Started GET "/patients/new.1" for 127.0.0.1 at 2015-10-29 17:36:50 +0000
Processing by PatientsController#new as 
  Rendered patients/_form.html.erb (4.7ms)
  Rendered patients/new.html.erb within layouts/application (13.8ms)
Completed 200 OK in 87ms (Views: 85.9ms | ActiveRecord: 0.0ms)


Started GET "/assets/doctors.self-e3b0c44298fc1c149afbf4c8996fb92427ae41e4649b934ca495991b7852b855.css?body=1" for 127.0.0.1 at 2015-10-29 17:36:50 +0000


Started GET "/assets/patients.self-e3b0c44298fc1c149afbf4c8996fb92427ae41e4649b934ca495991b7852b855.css?body=1" for 127.0.0.1 at 2015-10-29 17:36:50 +0000


Started GET "/assets/scaffolds.self-604a34219bdd23aa156aa04d0b2bb8e8745211971b7a6978d631cd0eeaa42eb2.css?body=1" for 127.0.0.1 at 2015-10-29 17:36:50 +0000


Started GET "/assets/application.self-e80e8f2318043e8af94dddc2adad5a4f09739a8ebb323b3ab31cd71d45fd9113.css?body=1" for 127.0.0.1 at 2015-10-29 17:36:50 +0000


Started GET "/assets/turbolinks.self-680e388bf7f759d85e2dbe0044d33f55e12b26da721317111c01ec92e53df55e.js?body=1" for 127.0.0.1 at 2015-10-29 17:36:50 +0000


Started GET "/assets/jquery_ujs.self-8e98a7a072a6cee1372d19fff9ff3e6aa1e39a37d89d6f06861637d061113ee7.js?body=1" for 127.0.0.1 at 2015-10-29 17:36:50 +0000


Started GET "/assets/jquery.self-d03a5518f45df77341bdbe6201ba3bfa547ebba8ed64f0ea56bfa5f96ea7c074.js?body=1" for 127.0.0.1 at 2015-10-29 17:36:50 +0000


Started GET "/assets/doctors.self-877aef30ae1b040ab8a3aba4e3e309a11d7f2612f44dde450b5c157aa5f95c05.js?body=1" for 127.0.0.1 at 2015-10-29 17:36:50 +0000


Started GET "/assets/patients.self-877aef30ae1b040ab8a3aba4e3e309a11d7f2612f44dde450b5c157aa5f95c05.js?body=1" for 127.0.0.1 at 2015-10-29 17:36:50 +0000


Started GET "/assets/application.self-3b8dabdc891efe46b9a144b400ad69e37d7e5876bdc39dee783419a69d7ca819.js?body=1" for 127.0.0.1 at 2015-10-29 17:36:50 +0000


Started POST "/patients" for 127.0.0.1 at 2015-10-29 17:38:30 +0000
Processing by PatientsController#create as HTML
  Parameters: {"utf8"=>"✓", "authenticity_token"=>"F/mpgV+oOJ99RWIretEaWo9LqBJO71HyeDgoY2HOChgoR5O34xrZJmFRZ8e5ESWyVAlrvEPg7m0/T3o8Vhs6lg==", "patient"=>{"doctor_id"=>"1", "name"=>"John Gaffney", "email"=>"jg@jggg.com", "content"=>"Back Pain"}, "commit"=>"Create Patient"}
  [1m[35m (0.1ms)[0m  begin transaction
  [1m[36mSQL (0.6ms)[0m  [1mINSERT INTO "patients" ("doctor_id", "name", "email", "content", "created_at", "updated_at") VALUES (?, ?, ?, ?, ?, ?)[0m  [["doctor_id", 1], ["name", "John Gaffney"], ["email", "jg@jggg.com"], ["content", "Back Pain"], ["created_at", "2015-10-29 17:38:30.146700"], ["updated_at", "2015-10-29 17:38:30.146700"]]
  [1m[35m (248.0ms)[0m  commit transaction
Redirected to http://localhost:3000/patients/4
Completed 302 Found in 256ms (ActiveRecord: 248.7ms)


Started GET "/patients/4" for 127.0.0.1 at 2015-10-29 17:38:30 +0000
Processing by PatientsController#show as HTML
  Parameters: {"id"=>"4"}
  [1m[36mPatient Load (0.2ms)[0m  [1mSELECT  "patients".* FROM "patients" WHERE "patients"."id" = ? LIMIT 1[0m  [["id", 4]]
  [1m[35mDoctor Load (0.1ms)[0m  SELECT  "doctors".* FROM "doctors" WHERE "doctors"."id" = ? LIMIT 1  [["id", 1]]
  Rendered patients/show.html.erb within layouts/application (2.4ms)
Completed 200 OK in 94ms (Views: 91.9ms | ActiveRecord: 0.3ms)


Started GET "/patients" for 127.0.0.1 at 2015-10-29 17:38:39 +0000
Processing by PatientsController#index as HTML
  [1m[36mPatient Load (0.3ms)[0m  [1mSELECT "patients".* FROM "patients"[0m
  Rendered patients/index.html.erb within layouts/application (4.4ms)
Completed 200 OK in 83ms (Views: 82.1ms | ActiveRecord: 0.3ms)


Started GET "/" for 127.0.0.1 at 2015-10-29 17:38:50 +0000
Processing by DoctorsController#index as HTML
  [1m[35mDoctor Load (0.3ms)[0m  SELECT "doctors".* FROM "doctors"
  Rendered doctors/index.html.erb within layouts/application (2.5ms)
Completed 200 OK in 80ms (Views: 79.0ms | ActiveRecord: 0.3ms)
